app/build/intermediates/manifest_merge_blame_file/release/manifest-merger-blame-release-report.txt
1<?xml version="1.0" encoding="utf-8"?>
2<manifest xmlns:android="http://schemas.android.com/apk/res/android"
3    package="com.example.hikana"
4    android:versionCode="1"
5    android:versionName="1.0" >
6
7    <uses-sdk
8        android:minSdkVersion="16"
8-->src/main/AndroidManifest.xml
9        android:targetSdkVersion="30" />
9-->src/main/AndroidManifest.xml
10
11    <application
11-->src/main/AndroidManifest.xml:5:5-21:19
12        android:allowBackup="true"
12-->src/main/AndroidManifest.xml:6:9-35
13        android:appComponentFactory="androidx.core.app.CoreComponentFactory"
13-->[androidx.core:core:1.5.0] AndroidManifest.xml:24:18-86
14        android:icon="@drawable/logo"
14-->src/main/AndroidManifest.xml:7:9-38
15        android:label="@string/app_name"
15-->src/main/AndroidManifest.xml:8:9-41
16        android:roundIcon="@drawable/logo"
16-->src/main/AndroidManifest.xml:9:9-43
17        android:supportsRtl="true"
17-->src/main/AndroidManifest.xml:10:9-35
18        android:theme="@style/Theme.Hikana" >
18-->src/main/AndroidManifest.xml:11:9-44
19        <activity android:name="com.example.hikana.menu" />
19-->src/main/AndroidManifest.xml:12:9-51
19-->src/main/AndroidManifest.xml:12:19-39
20        <activity android:name="com.example.hikana.MainActivity2" />
20-->src/main/AndroidManifest.xml:13:9-51
20-->src/main/AndroidManifest.xml:13:19-48
21        <activity android:name="com.example.hikana.MainActivity" >
21-->src/main/AndroidManifest.xml:14:9-20:20
21-->src/main/AndroidManifest.xml:14:19-47
22            <intent-filter>
22-->src/main/AndroidManifest.xml:15:13-19:29
23                <action android:name="android.intent.action.MAIN" />
23-->src/main/AndroidManifest.xml:16:17-69
23-->src/main/AndroidManifest.xml:16:25-66
24
25                <category android:name="android.intent.category.LAUNCHER" />
25-->src/main/AndroidManifest.xml:18:17-77
25-->src/main/AndroidManifest.xml:18:27-74
26            </intent-filter>
27        </activity>
28    </application>
29
30</manifest>